<?xml version="1.0" encoding="UTF-8"?>
<!-- Generated by org.testng.reporters.JUnitReportReporter -->
<testsuite hostname="sunjian-HP" name="practicetwo.proerties.Login126" tests="1" failures="0" timestamp="27 Sep 2014 14:47:08 GMT" time="4.186" errors="0">
  <testcase name="accessMailBoxWithCSV" time="4.186" classname="practicetwo.proerties.Login126"/>
</testsuite> <!-- practicetwo.proerties.Login126 -->
