<?xml version="1.0" encoding="UTF-8"?>
<!-- Generated by org.testng.reporters.JUnitReportReporter -->
<testsuite hostname="sunjian-HP" name="practiceone.SearchOnBaidu" tests="2" failures="0" timestamp="27 Sep 2014 08:45:27 GMT" time="0.001" errors="0">
  <testcase name="searchWebDriver" time="0.001" classname="practiceone.SearchOnBaidu"/>
  <testcase name="searchSelenium" time="0.000" classname="practiceone.SearchOnBaidu"/>
</testsuite> <!-- practiceone.SearchOnBaidu -->
