<?xml version="1.0" encoding="UTF-8"?>
<!-- Generated by org.testng.reporters.JUnitReportReporter -->
<testsuite hostname="sunjian-HP" name="practcesix.TestRegister" tests="1" failures="0" timestamp="25 Oct 2014 08:45:30 GMT" time="6.007" errors="0">
  <testcase name="login" time="6.007" classname="practcesix.TestRegister"/>
</testsuite> <!-- practcesix.TestRegister -->
