<?xml version="1.0" encoding="UTF-8"?>
<!-- Generated by org.testng.reporters.JUnitReportReporter -->
<testsuite hostname="sunjian-HP" name="practicethree.SeleniumTestCases" tests="1" failures="0" timestamp="4 Oct 2014 14:57:31 GMT" time="23.825" errors="0">
  <testcase name="upload" time="23.825" classname="practicethree.SeleniumTestCases"/>
</testsuite> <!-- practicethree.SeleniumTestCases -->
