<?xml version="1.0" encoding="UTF-8"?>
<!-- Generated by org.testng.reporters.JUnitReportReporter -->
<testsuite hostname="sunjian-HP" name="practiceone.SearchOn360" tests="1" failures="0" timestamp="27 Sep 2014 08:45:27 GMT" time="0.008" errors="0">
  <testcase name="searchSelenium" time="0.008" classname="practiceone.SearchOn360"/>
</testsuite> <!-- practiceone.SearchOn360 -->
