<?xml version="1.0" encoding="UTF-8"?>
<!-- Generated by org.testng.reporters.JUnitReportReporter -->
<testsuite hostname="sunjian-HP" name="practicefive.Inbox" tests="1" failures="0" timestamp="18 Oct 2014 06:38:00 GMT" time="0.095" errors="0">
  <testcase name="checkMailBox" time="0.095" classname="practicefive.Inbox"/>
</testsuite> <!-- practicefive.Inbox -->
