<?xml version="1.0" encoding="UTF-8"?>
<!-- Generated by org.testng.reporters.JUnitReportReporter -->
<testsuite hostname="sunjian-HP" name="practicefive.TestInbox" tests="1" failures="0" timestamp="18 Oct 2014 13:16:33 GMT" time="0.187" errors="0">
  <testcase name="checkMailBox" time="0.187" classname="practicefive.TestInbox"/>
</testsuite> <!-- practicefive.TestInbox -->
